<?xml version="1.0" encoding="UTF-8"?>
<beans xmlns="http://www.springframework.org/schema/beans"
       xmlns:xsi="http://www.w3.org/2001/XMLSchema-instance"
       xmlns:jdbc="http://www.springframework.org/schema/jdbc"
       xsi:schemaLocation="http://www.springframework.org/schema/beans
       http://www.springframework.org/schema/beans/spring-beans.xsd
       http://www.springframework.org/schema/jdbc
       http://www.springframework.org/schema/jdbc/spring-jdbc.xsd">

    <bean id="dataSource" class="org.apache.commons.dbcp.BasicDataSource" destroy-method="close">
        <property name="driverClassName" value="org.h2.Driver"/>
        <property name="url" value="jdbc:h2:mem:default;MODE=MYSQL"/>
        <property name="username" value=""/>
        <property name="password" value=""/>
        <property name="defaultAutoCommit" value="false"/>
    </bean>

    <jdbc:initialize-database data-source="dataSource" ignore-failures="DROPS">
        <jdbc:script location="classpath:/sql/schema.sql"/>
    </jdbc:initialize-database>
</beans>
